2025-05-13 22:57:14,682 - INFO - 
================================================================================
2025-05-13 22:57:14,688 - INFO - Starting app execution at 2025-05-13 22:57:14.685870
2025-05-13 22:57:14,690 - INFO - Executing: main
2025-05-13 22:57:14,691 - INFO - CSV upload selected
2025-05-13 22:57:14,694 - INFO - File uploaded: False
2025-05-13 22:57:31,307 - INFO - 
================================================================================
2025-05-13 22:57:31,307 - INFO - Starting app execution at 2025-05-13 22:57:31.307278
2025-05-13 22:57:31,309 - INFO - Executing: main
2025-05-13 22:57:31,309 - INFO - CSV upload selected
2025-05-13 22:57:31,314 - INFO - File uploaded: False
2025-05-13 22:58:17,671 - INFO - 
================================================================================
2025-05-13 22:58:17,671 - INFO - Starting app execution at 2025-05-13 22:58:17.671543
2025-05-13 22:58:17,671 - INFO - Executing: main
2025-05-13 22:58:17,677 - INFO - CSV upload selected
2025-05-13 22:58:17,677 - INFO - File uploaded: False
2025-05-13 22:58:52,486 - INFO - 
================================================================================
2025-05-13 22:58:52,489 - INFO - Starting app execution at 2025-05-13 22:58:52.489205
2025-05-13 22:58:52,493 - INFO - Executing: main
2025-05-13 22:58:52,495 - INFO - CSV upload selected
2025-05-13 22:58:52,498 - INFO - File uploaded: False
2025-05-13 22:59:11,098 - INFO - 
================================================================================
2025-05-13 22:59:11,098 - INFO - Starting app execution at 2025-05-13 22:59:11.098439
2025-05-13 22:59:11,101 - INFO - Executing: main
2025-05-13 22:59:11,103 - INFO - CSV upload selected
2025-05-13 22:59:11,106 - INFO - File uploaded: False
2025-05-13 22:59:26,203 - INFO - 
================================================================================
2025-05-13 22:59:26,204 - INFO - Starting app execution at 2025-05-13 22:59:26.204833
2025-05-13 22:59:26,205 - INFO - Executing: main
2025-05-13 22:59:26,207 - INFO - CSV upload selected
2025-05-13 22:59:26,210 - INFO - File uploaded: False
2025-05-13 22:59:29,548 - INFO - 
================================================================================
2025-05-13 22:59:29,550 - INFO - Starting app execution at 2025-05-13 22:59:29.550681
2025-05-13 22:59:29,554 - INFO - Executing: main
2025-05-13 22:59:29,558 - INFO - CSV upload selected
2025-05-13 22:59:29,562 - INFO - File uploaded: False
2025-05-13 22:59:30,198 - INFO - 
================================================================================
2025-05-13 22:59:30,200 - INFO - Starting app execution at 2025-05-13 22:59:30.200896
2025-05-13 22:59:30,202 - INFO - Executing: main
2025-05-13 22:59:30,203 - INFO - CSV upload selected
2025-05-13 22:59:30,205 - INFO - File uploaded: False
2025-05-13 22:59:34,139 - INFO - 
================================================================================
2025-05-13 22:59:34,139 - INFO - Starting app execution at 2025-05-13 22:59:34.139121
2025-05-13 22:59:34,143 - INFO - Executing: main
2025-05-13 22:59:34,144 - INFO - CSV upload selected
2025-05-13 22:59:34,147 - INFO - File uploaded: False
2025-05-13 23:00:03,982 - INFO - 
================================================================================
2025-05-13 23:00:03,982 - INFO - Starting app execution at 2025-05-13 23:00:03.982659
2025-05-13 23:00:03,985 - INFO - Executing: main
2025-05-13 23:00:03,985 - INFO - CSV upload selected
2025-05-13 23:00:03,987 - INFO - File uploaded: False
2025-05-13 23:00:14,227 - INFO - 
================================================================================
2025-05-13 23:00:14,227 - INFO - Starting app execution at 2025-05-13 23:00:14.227252
2025-05-13 23:00:14,227 - INFO - Executing: main
2025-05-13 23:00:14,230 - INFO - CSV upload selected
2025-05-13 23:00:14,230 - INFO - File uploaded: False
2025-05-13 23:00:14,874 - INFO - 
================================================================================
2025-05-13 23:00:14,876 - INFO - Starting app execution at 2025-05-13 23:00:14.876759
2025-05-13 23:00:14,879 - INFO - Executing: main
2025-05-13 23:00:14,879 - INFO - CSV upload selected
2025-05-13 23:00:14,881 - INFO - File uploaded: False
2025-05-13 23:00:17,204 - INFO - 
================================================================================
2025-05-13 23:00:17,205 - INFO - Starting app execution at 2025-05-13 23:00:17.205882
2025-05-13 23:00:17,207 - INFO - Executing: main
2025-05-13 23:00:17,209 - INFO - CSV upload selected
2025-05-13 23:00:17,209 - INFO - File uploaded: False
2025-05-14 11:18:35,588 - INFO - 
================================================================================
2025-05-14 11:18:35,592 - INFO - Starting app execution at 2025-05-14 11:18:35.592430
2025-05-14 11:18:35,594 - INFO - Executing: main
2025-05-14 11:18:35,595 - INFO - CSV upload selected
2025-05-14 11:18:35,597 - INFO - File uploaded: False
2025-05-14 11:18:47,184 - INFO - 
================================================================================
2025-05-14 11:18:47,186 - INFO - Starting app execution at 2025-05-14 11:18:47.186237
2025-05-14 11:18:47,191 - INFO - Executing: main
2025-05-14 11:18:47,191 - INFO - Sample data option selected
2025-05-14 11:18:48,950 - INFO - 
================================================================================
2025-05-14 11:18:48,952 - INFO - Starting app execution at 2025-05-14 11:18:48.952172
2025-05-14 11:18:48,954 - INFO - Executing: main
2025-05-14 11:18:48,958 - INFO - Sample data option selected
2025-05-14 11:18:48,963 - INFO - Loading sample data...
2025-05-14 11:18:49,022 - INFO - Sample data loaded. Shape: (1000, 8)
2025-05-14 11:18:56,100 - INFO - 
================================================================================
2025-05-14 11:18:56,102 - INFO - Starting app execution at 2025-05-14 11:18:56.102023
2025-05-14 11:18:56,104 - INFO - Executing: main
2025-05-14 11:18:56,104 - INFO - Sample data option selected
2025-05-14 11:20:01,521 - INFO - 
================================================================================
2025-05-14 11:20:01,522 - INFO - Starting app execution at 2025-05-14 11:20:01.522984
2025-05-14 11:20:01,522 - INFO - Executing: main
2025-05-14 11:20:01,522 - INFO - Sample data option selected
2025-05-14 11:20:09,187 - INFO - 
================================================================================
2025-05-14 11:20:09,187 - INFO - Starting app execution at 2025-05-14 11:20:09.187798
2025-05-14 11:20:09,190 - INFO - Executing: main
2025-05-14 11:20:09,192 - INFO - Sample data option selected
2025-05-14 12:33:40,326 - INFO - 
================================================================================
2025-05-14 12:33:40,326 - INFO - Starting app execution at 2025-05-14 12:33:40.326616
2025-05-14 12:33:40,326 - INFO - Executing: main
2025-05-14 12:33:40,330 - INFO - CSV upload selected
2025-05-14 12:33:40,332 - INFO - File uploaded: False
2025-05-14 12:33:44,158 - INFO - 
================================================================================
2025-05-14 12:33:44,158 - INFO - Starting app execution at 2025-05-14 12:33:44.158690
2025-05-14 12:33:44,163 - INFO - Executing: main
2025-05-14 12:33:44,163 - INFO - Sample data option selected
2025-05-14 12:33:46,834 - INFO - 
================================================================================
2025-05-14 12:33:46,837 - INFO - Starting app execution at 2025-05-14 12:33:46.837790
2025-05-14 12:33:46,839 - INFO - Executing: main
2025-05-14 12:33:46,840 - INFO - Sample data option selected
2025-05-14 12:33:46,840 - INFO - Loading sample data...
2025-05-14 12:33:46,942 - INFO - Sample data loaded. Shape: (1000, 8)
2025-05-14 12:33:53,827 - INFO - 
================================================================================
2025-05-14 12:33:53,827 - INFO - Starting app execution at 2025-05-14 12:33:53.827780
2025-05-14 12:33:53,830 - INFO - Executing: main
2025-05-14 12:33:53,831 - INFO - Sample data option selected
2025-05-14 12:35:54,667 - INFO - 
================================================================================
2025-05-14 12:35:54,667 - INFO - Starting app execution at 2025-05-14 12:35:54.667783
2025-05-14 12:35:54,673 - INFO - Executing: main
2025-05-14 12:35:54,675 - INFO - Sample data option selected
2025-05-14 12:38:17,289 - INFO - 
================================================================================
2025-05-14 12:38:17,291 - INFO - Starting app execution at 2025-05-14 12:38:17.291472
2025-05-14 12:38:17,294 - INFO - Executing: main
2025-05-14 12:38:17,297 - INFO - Sample data option selected
2025-05-14 12:38:28,451 - INFO - 
================================================================================
2025-05-14 12:38:28,451 - INFO - Starting app execution at 2025-05-14 12:38:28.451837
2025-05-14 12:38:28,455 - INFO - Executing: main
2025-05-14 12:38:28,455 - INFO - Sample data option selected
2025-05-14 12:38:39,289 - INFO - 
================================================================================
2025-05-14 12:38:39,290 - INFO - Starting app execution at 2025-05-14 12:38:39.290079
2025-05-14 12:38:39,293 - INFO - Executing: main
2025-05-14 12:38:39,293 - INFO - CSV upload selected
2025-05-14 12:38:39,296 - INFO - File uploaded: False
2025-05-14 12:38:41,446 - INFO - 
================================================================================
2025-05-14 12:38:41,447 - INFO - Starting app execution at 2025-05-14 12:38:41.447705
2025-05-14 12:38:41,450 - INFO - Executing: main
2025-05-14 12:38:41,450 - INFO - Sample data option selected
2025-05-14 12:38:44,887 - INFO - 
================================================================================
2025-05-14 12:38:44,889 - INFO - Starting app execution at 2025-05-14 12:38:44.889464
2025-05-14 12:38:44,890 - INFO - Executing: main
2025-05-14 12:38:44,892 - INFO - Sample data option selected
2025-05-14 12:38:44,893 - INFO - Loading sample data...
2025-05-14 12:38:44,901 - INFO - Sample data loaded. Shape: (1000, 8)
2025-05-14 12:38:51,117 - INFO - 
================================================================================
2025-05-14 12:38:51,117 - INFO - Starting app execution at 2025-05-14 12:38:51.117574
2025-05-14 12:38:51,123 - INFO - Executing: main
2025-05-14 12:38:51,123 - INFO - Sample data option selected
2025-05-14 12:40:07,369 - INFO - 
================================================================================
2025-05-14 12:40:07,369 - INFO - Starting app execution at 2025-05-14 12:40:07.369426
2025-05-14 12:40:07,371 - INFO - Executing: main
2025-05-14 12:40:07,372 - INFO - CSV upload selected
2025-05-14 12:40:07,377 - INFO - File uploaded: False
2025-05-14 12:40:13,556 - INFO - 
================================================================================
2025-05-14 12:40:13,559 - INFO - Starting app execution at 2025-05-14 12:40:13.559321
2025-05-14 12:40:13,562 - INFO - Executing: main
2025-05-14 12:40:13,565 - INFO - Sample data option selected
2025-05-14 12:40:15,150 - INFO - 
================================================================================
2025-05-14 12:40:15,150 - INFO - Starting app execution at 2025-05-14 12:40:15.150259
2025-05-14 12:40:15,152 - INFO - Executing: main
2025-05-14 12:40:15,154 - INFO - Sample data option selected
2025-05-14 12:40:15,157 - INFO - Loading sample data...
2025-05-14 12:40:15,177 - INFO - Sample data loaded. Shape: (1000, 8)
2025-05-14 12:40:21,492 - INFO - 
================================================================================
2025-05-14 12:40:21,492 - INFO - Starting app execution at 2025-05-14 12:40:21.492786
2025-05-14 12:40:21,493 - INFO - Executing: main
2025-05-14 12:40:21,497 - INFO - Sample data option selected
2025-05-14 12:40:57,478 - INFO - 
================================================================================
2025-05-14 12:40:57,480 - INFO - Starting app execution at 2025-05-14 12:40:57.480551
2025-05-14 12:40:57,481 - INFO - Executing: main
2025-05-14 12:40:57,484 - INFO - Sample data option selected
2025-05-14 12:41:00,997 - INFO - 
================================================================================
2025-05-14 12:41:00,997 - INFO - Starting app execution at 2025-05-14 12:41:00.997136
2025-05-14 12:41:00,999 - INFO - Executing: main
2025-05-14 12:41:01,003 - INFO - Sample data option selected
2025-05-14 12:41:26,346 - INFO - 
================================================================================
2025-05-14 12:41:26,347 - INFO - Starting app execution at 2025-05-14 12:41:26.347591
2025-05-14 12:41:26,347 - INFO - Executing: main
2025-05-14 12:41:26,349 - INFO - CSV upload selected
2025-05-14 12:41:26,352 - INFO - File uploaded: False
2025-05-14 12:41:30,916 - INFO - 
================================================================================
2025-05-14 12:41:30,917 - INFO - Starting app execution at 2025-05-14 12:41:30.917753
2025-05-14 12:41:30,919 - INFO - Executing: main
2025-05-14 12:41:30,919 - INFO - Sample data option selected
2025-05-14 12:41:32,640 - INFO - 
================================================================================
2025-05-14 12:41:32,641 - INFO - Starting app execution at 2025-05-14 12:41:32.641246
2025-05-14 12:41:32,642 - INFO - Executing: main
2025-05-14 12:41:32,643 - INFO - Sample data option selected
2025-05-14 12:41:32,646 - INFO - Loading sample data...
2025-05-14 12:41:32,660 - INFO - Sample data loaded. Shape: (1000, 8)
2025-05-14 12:41:38,456 - INFO - 
================================================================================
2025-05-14 12:41:38,457 - INFO - Starting app execution at 2025-05-14 12:41:38.457522
2025-05-14 12:41:38,459 - INFO - Executing: main
2025-05-14 12:41:38,460 - INFO - Sample data option selected
2025-05-14 12:42:24,702 - INFO - 
================================================================================
2025-05-14 12:42:24,708 - INFO - Starting app execution at 2025-05-14 12:42:24.708248
2025-05-14 12:42:24,711 - INFO - Executing: main
2025-05-14 12:42:24,711 - INFO - CSV upload selected
2025-05-14 12:42:24,715 - INFO - File uploaded: False
